104.02.29 21:55 B C:\MYDOCU~1\TIMEWORK\appendix.htm --> www.worklessparty.org /users/workless/timework/timework appendix.htm
104.02.29 21:55 B C:\MYDOCU~1\TIMEWORK\chapman.htm --> www.worklessparty.org /users/workless/timework/timework chapman.htm
104.02.29 21:55 B C:\MYDOCU~1\TIMEWORK\chapman1.gif --> www.worklessparty.org /users/workless/timework/timework chapman1.gif
104.02.29 21:55 B C:\MYDOCU~1\TIMEWORK\chapman2.gif --> www.worklessparty.org /users/workless/timework/timework chapman2.gif
104.02.29 21:55 B C:\MYDOCU~1\TIMEWORK\chapman3.gif --> www.worklessparty.org /users/workless/timework/timework chapman3.gif
104.02.29 21:55 B C:\MYDOCU~1\TIMEWORK\chapman4.gif --> www.worklessparty.org /users/workless/timework/timework chapman4.gif
104.02.29 21:55 B C:\MYDOCU~1\TIMEWORK\costing.htm --> www.worklessparty.org /users/workless/timework/timework costing.htm
104.02.29 21:55 B C:\MYDOCU~1\TIMEWORK\covenant.htm --> www.worklessparty.org /users/workless/timework/timework covenant.htm
104.02.29 21:55 B C:\MYDOCU~1\TIMEWORK\cwdilke.gif --> www.worklessparty.org /users/workless/timework/timework cwdilke.gif
104.02.29 21:55 B C:\MYDOCU~1\TIMEWORK\dispose.htm --> www.worklessparty.org /users/workless/timework/timework dispose.htm
104.02.29 21:55 B C:\MYDOCU~1\TIMEWORK\econmist.htm --> www.worklessparty.org /users/workless/timework/timework econmist.htm
104.02.29 21:55 B C:\MYDOCU~1\TIMEWORK\ford.htm --> www.worklessparty.org /users/workless/timework/timework ford.htm
104.02.29 21:55 B C:\MYDOCU~1\TIMEWORK\grundris.htm --> www.worklessparty.org /users/workless/timework/timework grundris.htm
104.02.29 21:55 B C:\MYDOCU~1\TIMEWORK\layard.htm --> www.worklessparty.org /users/workless/timework/timework layard.htm
104.02.29 21:55 B C:\MYDOCU~1\TIMEWORK\nairu.htm --> www.worklessparty.org /users/workless/timework/timework nairu.htm
104.02.29 21:55 B C:\MYDOCU~1\TIMEWORK\post.htm --> www.worklessparty.org /users/workless/timework/timework post.htm
104.02.29 21:55 B C:\MYDOCU~1\TIMEWORK\postone.htm --> www.worklessparty.org /users/workless/timework/timework postone.htm
104.02.29 21:55 B C:\MYDOCU~1\TIMEWORK\rae.htm --> www.worklessparty.org /users/workless/timework/timework rae.htm
104.02.29 21:55 B C:\MYDOCU~1\TIMEWORK\remedy.htm --> www.worklessparty.org /users/workless/timework/timework remedy.htm
104.02.29 21:55 B C:\MYDOCU~1\TIMEWORK\sabbath.gif --> www.worklessparty.org /users/workless/timework/timework sabbath.gif
104.02.29 21:55 B C:\MYDOCU~1\TIMEWORK\sabbath.htm --> www.worklessparty.org /users/workless/timework/timework sabbath.htm
104.02.29 21:55 B C:\MYDOCU~1\TIMEWORK\samlson.htm --> www.worklessparty.org /users/workless/timework/timework samlson.htm
104.02.29 21:55 B C:\MYDOCU~1\TIMEWORK\schloss.htm --> www.worklessparty.org /users/workless/timework/timework schloss.htm
104.02.29 21:55 B C:\MYDOCU~1\TIMEWORK\surplus.htm --> www.worklessparty.org /users/workless/timework/timework surplus.htm
104.02.29 21:55 B C:\MYDOCU~1\TIMEWORK\timework.htm --> www.worklessparty.org /users/workless/timework/timework timework.htm
104.02.29 21:56 B C:\MYDOCU~1\TIMEWORK\appendix.htm --> www.worklessparty.org /users/workless/timework appendix.htm
104.02.29 21:56 B C:\MYDOCU~1\TIMEWORK\chapman.htm --> www.worklessparty.org /users/workless/timework chapman.htm
104.02.29 21:56 B C:\MYDOCU~1\TIMEWORK\chapman1.gif --> www.worklessparty.org /users/workless/timework chapman1.gif
104.02.29 21:56 B C:\MYDOCU~1\TIMEWORK\chapman2.gif --> www.worklessparty.org /users/workless/timework chapman2.gif
104.02.29 21:56 B C:\MYDOCU~1\TIMEWORK\chapman3.gif --> www.worklessparty.org /users/workless/timework chapman3.gif
104.02.29 21:56 B C:\MYDOCU~1\TIMEWORK\chapman4.gif --> www.worklessparty.org /users/workless/timework chapman4.gif
104.02.29 21:56 B C:\MYDOCU~1\TIMEWORK\costing.htm --> www.worklessparty.org /users/workless/timework costing.htm
104.02.29 21:56 B C:\MYDOCU~1\TIMEWORK\covenant.htm --> www.worklessparty.org /users/workless/timework covenant.htm
104.02.29 21:56 B C:\MYDOCU~1\TIMEWORK\cwdilke.gif --> www.worklessparty.org /users/workless/timework cwdilke.gif
104.02.29 21:56 B C:\MYDOCU~1\TIMEWORK\dispose.htm --> www.worklessparty.org /users/workless/timework dispose.htm
104.02.29 21:56 B C:\MYDOCU~1\TIMEWORK\econmist.htm --> www.worklessparty.org /users/workless/timework econmist.htm
104.02.29 21:56 B C:\MYDOCU~1\TIMEWORK\ford.htm --> www.worklessparty.org /users/workless/timework ford.htm
104.02.29 21:56 B C:\MYDOCU~1\TIMEWORK\grundris.htm --> www.worklessparty.org /users/workless/timework grundris.htm
104.02.29 21:56 B C:\MYDOCU~1\TIMEWORK\layard.htm --> www.worklessparty.org /users/workless/timework layard.htm
104.02.29 21:56 B C:\MYDOCU~1\TIMEWORK\nairu.htm --> www.worklessparty.org /users/workless/timework nairu.htm
104.02.29 21:56 B C:\MYDOCU~1\TIMEWORK\post.htm --> www.worklessparty.org /users/workless/timework post.htm
104.02.29 21:56 B C:\MYDOCU~1\TIMEWORK\postone.htm --> www.worklessparty.org /users/workless/timework postone.htm
104.02.29 21:56 B C:\MYDOCU~1\TIMEWORK\rae.htm --> www.worklessparty.org /users/workless/timework rae.htm
104.02.29 21:56 B C:\MYDOCU~1\TIMEWORK\remedy.htm --> www.worklessparty.org /users/workless/timework remedy.htm
104.02.29 21:56 B C:\MYDOCU~1\TIMEWORK\sabbath.gif --> www.worklessparty.org /users/workless/timework sabbath.gif
104.02.29 21:56 B C:\MYDOCU~1\TIMEWORK\sabbath.htm --> www.worklessparty.org /users/workless/timework sabbath.htm
104.02.29 21:56 B C:\MYDOCU~1\TIMEWORK\samlson.htm --> www.worklessparty.org /users/workless/timework samlson.htm
104.02.29 21:56 B C:\MYDOCU~1\TIMEWORK\schloss.htm --> www.worklessparty.org /users/workless/timework schloss.htm
104.02.29 21:56 B C:\MYDOCU~1\TIMEWORK\surplus.htm --> www.worklessparty.org /users/workless/timework surplus.htm
104.02.29 21:56 B C:\MYDOCU~1\TIMEWORK\timework.htm --> www.worklessparty.org /users/workless/timework timework.htm
104.02.29 21:58 B C:\MYDOCU~1\TIMEWORK\appendix.htm --> www.worklessparty.org /web/timework appendix.htm
104.02.29 21:58 B C:\MYDOCU~1\TIMEWORK\chapman.htm --> www.worklessparty.org /web/timework chapman.htm
104.02.29 21:58 B C:\MYDOCU~1\TIMEWORK\chapman1.gif --> www.worklessparty.org /web/timework chapman1.gif
104.02.29 21:58 B C:\MYDOCU~1\TIMEWORK\chapman2.gif --> www.worklessparty.org /web/timework chapman2.gif
104.02.29 21:58 B C:\MYDOCU~1\TIMEWORK\chapman3.gif --> www.worklessparty.org /web/timework chapman3.gif
104.02.29 21:58 B C:\MYDOCU~1\TIMEWORK\chapman4.gif --> www.worklessparty.org /web/timework chapman4.gif
104.02.29 21:58 B C:\MYDOCU~1\TIMEWORK\costing.htm --> www.worklessparty.org /web/timework costing.htm
104.02.29 21:58 B C:\MYDOCU~1\TIMEWORK\covenant.htm --> www.worklessparty.org /web/timework covenant.htm
104.02.29 21:58 B C:\MYDOCU~1\TIMEWORK\cwdilke.gif --> www.worklessparty.org /web/timework cwdilke.gif
104.02.29 21:58 B C:\MYDOCU~1\TIMEWORK\dispose.htm --> www.worklessparty.org /web/timework dispose.htm
104.02.29 21:58 B C:\MYDOCU~1\TIMEWORK\econmist.htm --> www.worklessparty.org /web/timework econmist.htm
104.02.29 21:58 B C:\MYDOCU~1\TIMEWORK\ford.htm --> www.worklessparty.org /web/timework ford.htm
104.02.29 21:58 B C:\MYDOCU~1\TIMEWORK\grundris.htm --> www.worklessparty.org /web/timework grundris.htm
104.02.29 21:58 B C:\MYDOCU~1\TIMEWORK\layard.htm --> www.worklessparty.org /web/timework layard.htm
104.02.29 21:58 B C:\MYDOCU~1\TIMEWORK\nairu.htm --> www.worklessparty.org /web/timework nairu.htm
104.02.29 21:58 B C:\MYDOCU~1\TIMEWORK\post.htm --> www.worklessparty.org /web/timework post.htm
104.02.29 21:58 B C:\MYDOCU~1\TIMEWORK\postone.htm --> www.worklessparty.org /web/timework postone.htm
104.02.29 21:58 B C:\MYDOCU~1\TIMEWORK\rae.htm --> www.worklessparty.org /web/timework rae.htm
104.02.29 21:58 B C:\MYDOCU~1\TIMEWORK\remedy.htm --> www.worklessparty.org /web/timework remedy.htm
104.02.29 21:58 B C:\MYDOCU~1\TIMEWORK\sabbath.gif --> www.worklessparty.org /web/timework sabbath.gif
104.02.29 21:58 B C:\MYDOCU~1\TIMEWORK\sabbath.htm --> www.worklessparty.org /web/timework sabbath.htm
104.02.29 21:58 B C:\MYDOCU~1\TIMEWORK\samlson.htm --> www.worklessparty.org /web/timework samlson.htm
104.02.29 21:58 B C:\MYDOCU~1\TIMEWORK\schloss.htm --> www.worklessparty.org /web/timework schloss.htm
104.02.29 21:58 B C:\MYDOCU~1\TIMEWORK\surplus.htm --> www.worklessparty.org /web/timework surplus.htm
104.02.29 21:58 B C:\MYDOCU~1\TIMEWORK\timework.htm --> www.worklessparty.org /web/timework timework.htm
104.02.29 22:02 B C:\MYDOCU~1\TIMEWORK\cwdilke.gif <-- www.worklessparty.org /web/timework cwdilke.gif
104.02.29 22:04 B C:\MYDOCU~1\TIMEWORK\remedy.htm --> www.worklessparty.org /web/timework remedy.htm
104.02.29 22:08 B C:\MYDOCU~1\TIMEWORK\remedy.htm --> www.worklessparty.org /web/timework remedy.htm
104.02.29 22:09 B C:\MYDOCU~1\TIMEWORK\timework.htm --> www.worklessparty.org /web/timework timework.htm
104.02.29 22:10 B C:\MYDOCU~1\TIMEWORK\timework.htm --> www.worklessparty.org /web/timework timework.htm
